app/build2/intermediates/manifest_merge_blame_file/debug/manifest-merger-blame-debug-report.txt
1<?xml version="1.0" encoding="utf-8"?>
2<manifest xmlns:android="http://schemas.android.com/apk/res/android"
3    package="com.example.cse110_team2"
4    android:versionCode="1"
5    android:versionName="1.0" >
6
7    <uses-sdk
8        android:minSdkVersion="29"
8-->src/main/AndroidManifest.xml
9        android:targetSdkVersion="32" />
9-->src/main/AndroidManifest.xml
10
11    <uses-permission android:name="android.permission.ACCESS_COARSE_LOCATION" />
11-->src/main/AndroidManifest.xml:5:5-81
11-->src/main/AndroidManifest.xml:5:22-78
12    <uses-permission android:name="android.permission.ACCESS_FINE_LOCATION" />
12-->src/main/AndroidManifest.xml:6:5-79
12-->src/main/AndroidManifest.xml:6:22-76
13    <uses-permission android:name="android.permission.INTERNET" />
13-->src/main/AndroidManifest.xml:7:5-67
13-->src/main/AndroidManifest.xml:7:22-64
14
15    <application
15-->src/main/AndroidManifest.xml:9:5-45:19
16        android:allowBackup="true"
16-->src/main/AndroidManifest.xml:10:9-35
17        android:appComponentFactory="androidx.core.app.CoreComponentFactory"
17-->[androidx.core:core:1.7.0] AndroidManifest.xml:24:18-86
18        android:dataExtractionRules="@xml/data_extraction_rules"
18-->src/main/AndroidManifest.xml:11:9-65
19        android:debuggable="true"
20        android:extractNativeLibs="false"
21        android:fullBackupContent="@xml/backup_rules"
21-->src/main/AndroidManifest.xml:12:9-54
22        android:icon="@mipmap/ic_launcher"
22-->src/main/AndroidManifest.xml:13:9-43
23        android:label="@string/app_name"
23-->src/main/AndroidManifest.xml:14:9-41
24        android:roundIcon="@mipmap/ic_launcher_round"
24-->src/main/AndroidManifest.xml:15:9-54
25        android:supportsRtl="true"
25-->src/main/AndroidManifest.xml:16:9-35
26        android:testOnly="true"
27        android:theme="@style/Theme.Cse110team2" >
27-->src/main/AndroidManifest.xml:17:9-49
28        <activity
28-->src/main/AndroidManifest.xml:19:9-21:40
29            android:name="com.example.cse110_team2.AddFriendsActivity"
29-->src/main/AndroidManifest.xml:20:13-47
30            android:exported="false" />
30-->src/main/AndroidManifest.xml:21:13-37
31        <activity
31-->src/main/AndroidManifest.xml:22:9-24:40
32            android:name="com.example.cse110_team2.InputNameActivity"
32-->src/main/AndroidManifest.xml:23:13-46
33            android:exported="false" />
33-->src/main/AndroidManifest.xml:24:13-37
34        <activity
34-->src/main/AndroidManifest.xml:25:9-31:20
35            android:name="com.example.cse110_team2.InputLocation"
35-->src/main/AndroidManifest.xml:26:13-42
36            android:exported="false" >
36-->src/main/AndroidManifest.xml:27:13-37
37            <meta-data
37-->src/main/AndroidManifest.xml:28:13-30:36
38                android:name="android.app.lib_name"
38-->src/main/AndroidManifest.xml:29:17-52
39                android:value="" />
39-->src/main/AndroidManifest.xml:30:17-33
40        </activity>
41        <activity
41-->src/main/AndroidManifest.xml:32:9-44:20
42            android:name="com.example.cse110_team2.MainActivity"
42-->src/main/AndroidManifest.xml:33:13-41
43            android:exported="true" >
43-->src/main/AndroidManifest.xml:34:13-36
44            <intent-filter>
44-->src/main/AndroidManifest.xml:35:13-39:29
45                <action android:name="android.intent.action.MAIN" />
45-->src/main/AndroidManifest.xml:36:17-69
45-->src/main/AndroidManifest.xml:36:25-66
46
47                <category android:name="android.intent.category.LAUNCHER" />
47-->src/main/AndroidManifest.xml:38:17-77
47-->src/main/AndroidManifest.xml:38:27-74
48            </intent-filter>
49
50            <meta-data
50-->src/main/AndroidManifest.xml:28:13-30:36
51                android:name="android.app.lib_name"
51-->src/main/AndroidManifest.xml:29:17-52
52                android:value="" />
52-->src/main/AndroidManifest.xml:30:17-33
53        </activity>
54
55        <service
55-->[androidx.room:room-runtime:2.5.0] AndroidManifest.xml:24:9-28:63
56            android:name="androidx.room.MultiInstanceInvalidationService"
56-->[androidx.room:room-runtime:2.5.0] AndroidManifest.xml:25:13-74
57            android:directBootAware="true"
57-->[androidx.room:room-runtime:2.5.0] AndroidManifest.xml:26:13-43
58            android:exported="false" />
58-->[androidx.room:room-runtime:2.5.0] AndroidManifest.xml:27:13-37
59
60        <activity
60-->[com.google.android.gms:play-services-base:18.1.0] AndroidManifest.xml:20:9-22:45
61            android:name="com.google.android.gms.common.api.GoogleApiActivity"
61-->[com.google.android.gms:play-services-base:18.1.0] AndroidManifest.xml:20:19-85
62            android:exported="false"
62-->[com.google.android.gms:play-services-base:18.1.0] AndroidManifest.xml:22:19-43
63            android:theme="@android:style/Theme.Translucent.NoTitleBar" />
63-->[com.google.android.gms:play-services-base:18.1.0] AndroidManifest.xml:21:19-78
64
65        <meta-data
65-->[com.google.android.gms:play-services-basement:18.1.0] AndroidManifest.xml:21:9-23:69
66            android:name="com.google.android.gms.version"
66-->[com.google.android.gms:play-services-basement:18.1.0] AndroidManifest.xml:22:13-58
67            android:value="@integer/google_play_services_version" />
67-->[com.google.android.gms:play-services-basement:18.1.0] AndroidManifest.xml:23:13-66
68
69        <provider
69-->[androidx.emoji2:emoji2:1.0.0] AndroidManifest.xml:26:9-34:20
70            android:name="androidx.startup.InitializationProvider"
70-->[androidx.emoji2:emoji2:1.0.0] AndroidManifest.xml:27:13-67
71            android:authorities="com.example.cse110_team2.androidx-startup"
71-->[androidx.emoji2:emoji2:1.0.0] AndroidManifest.xml:28:13-68
72            android:exported="false" >
72-->[androidx.emoji2:emoji2:1.0.0] AndroidManifest.xml:29:13-37
73            <meta-data
73-->[androidx.emoji2:emoji2:1.0.0] AndroidManifest.xml:31:13-33:52
74                android:name="androidx.emoji2.text.EmojiCompatInitializer"
74-->[androidx.emoji2:emoji2:1.0.0] AndroidManifest.xml:32:17-75
75                android:value="androidx.startup" />
75-->[androidx.emoji2:emoji2:1.0.0] AndroidManifest.xml:33:17-49
76            <meta-data
76-->[androidx.lifecycle:lifecycle-process:2.4.0] AndroidManifest.xml:31:13-33:52
77                android:name="androidx.lifecycle.ProcessLifecycleInitializer"
77-->[androidx.lifecycle:lifecycle-process:2.4.0] AndroidManifest.xml:32:17-78
78                android:value="androidx.startup" />
78-->[androidx.lifecycle:lifecycle-process:2.4.0] AndroidManifest.xml:33:17-49
79        </provider>
80    </application>
81
82</manifest>